<?xml version="1.0" encoding="UTF-8"?>

<mule xmlns:ee="http://www.mulesoft.org/schema/mule/ee/core" xmlns:http="http://www.mulesoft.org/schema/mule/http"
	xmlns="http://www.mulesoft.org/schema/mule/core"
	xmlns:doc="http://www.mulesoft.org/schema/mule/documentation" xmlns:xsi="http://www.w3.org/2001/XMLSchema-instance" xsi:schemaLocation="http://www.mulesoft.org/schema/mule/core http://www.mulesoft.org/schema/mule/core/current/mule.xsd
http://www.mulesoft.org/schema/mule/http http://www.mulesoft.org/schema/mule/http/current/mule-http.xsd
http://www.mulesoft.org/schema/mule/ee/core http://www.mulesoft.org/schema/mule/ee/core/current/mule-ee.xsd">
	<http:listener-config name="HTTP_Listener_config" doc:name="HTTP Listener config" doc:id="83053d7f-a566-4ac5-b3b0-e70ba69b1385" >
		<http:listener-connection host="0.0.0.0" port="8081" />
	</http:listener-config>
	<flow name="test-cfFlow" doc:id="b3236373-fbae-4734-ac92-7ea5babe9dd9" >
		<http:listener doc:name="Listener" doc:id="19798771-dd38-4500-8884-51b269904483" config-ref="HTTP_Listener_config" path="/test-cf"/>
		<ee:transform doc:name="Transform Message" doc:id="3552ce4a-1ca4-4e28-9434-6cc7c247c13e" >
			<ee:message >
				<ee:set-payload ><![CDATA[%dw 2.0
output application/json
---
{
	test: "app2"
}]]></ee:set-payload>
			</ee:message>
		</ee:transform>
	</flow>
</mule>
